#
# A fatal error has been detected by the Java Runtime Environment:
#
#  EXCEPTION_ACCESS_VIOLATION (0xc0000005) at pc=0x60b1757e, pid=1164, tid=0x00000c48
#
# JRE version: Java(TM) SE Runtime Environment (8.0_191-b12) (build 1.8.0_191-b12)
# Java VM: Java HotSpot(TM) Client VM (25.191-b12 mixed mode windows-x86 )
# Problematic frame:
# V  [jvm.dll+0xe757e]
#
# Failed to write core dump. Minidumps are not enabled by default on client versions of Windows
#
# If you would like to submit a bug report, please visit:
#   http://bugreport.java.com/bugreport/crash.jsp
#

---------------  T H R E A D  ---------------

Current thread (0x2a13c400):  JavaThread "EventThread COM4" [_thread_in_vm, id=3144, stack(0x01200000,0x01250000)]

siginfo: ExceptionCode=0xc0000005, reading address 0x00000000

Registers:
EAX=0x00000000, EBX=0x0158c188, ECX=0x2a13c400, EDX=0x0000009f
ESP=0x0124c67c, EBP=0x0124c698, ESI=0x00000000, EDI=0x2a13c400
EIP=0x60b1757e, EFLAGS=0x00010246

Top of Stack: (sp=0x0124c67c)
0x0124c67c:   0124c6b4 2a13c540 0158c188 2a13c400
0x0124c68c:   2a0dc0ec 0000009f 60d15568 0124f6d8
0x0124c69c:   6400183d 2a13c540 00000000 00000000
0x0124c6ac:   00002fde 0124c6b4 0a0d0a0d 0a0d0a0d
0x0124c6bc:   0a0d0a0d 0a0d0a0d 0a0d0a0d 0a0d0a0d
0x0124c6cc:   0a0d0a0d 0a0d0a0d 0a0d0a0d 0a0d0a0d
0x0124c6dc:   0a0d0a0d 0a0d0a0d 0a0d0a0d 0a0d0a0d
0x0124c6ec:   0a0d0a0d 0a0d0a0d 0a0d0a0d 0a0d0a0d 

Instructions: (pc=0x60b1757e)
0x60b1755e:   c4 08 83 7f 04 00 89 7d f0 c7 45 f4 00 00 00 00
0x60b1756e:   74 08 8d 4d f0 e8 e8 34 0c 00 8b 75 10 8b 45 0c
0x60b1757e:   8b 10 85 f6 78 32 8b 45 14 85 c0 78 2b 8d 0c 06
0x60b1758e:   3b 4a 08 77 23 85 c0 7e 3b 8b 4a 04 8b 49 04 83 


Register to memory mapping:

EAX=0x00000000 is an unknown value
EBX=0x0158c188 is an unknown value
ECX=0x2a13c400 is a thread
EDX=0x0000009f is an unknown value
ESP=0x0124c67c is pointing into the stack for thread: 0x2a13c400
EBP=0x0124c698 is pointing into the stack for thread: 0x2a13c400
ESI=0x00000000 is an unknown value
EDI=0x2a13c400 is a thread


Stack: [0x01200000,0x01250000],  sp=0x0124c67c,  free space=305k
Native frames: (J=compiled Java code, j=interpreted, Vv=VM code, C=native code)
V  [jvm.dll+0xe757e]
C  [jSSC-2.8_x86.dll+0x183d]
J 3559  jssc.SerialNativeInterface.readBytes(JI)[B (0 bytes) @ 0x031e1c65 [0x031e1bd0+0x95]
J 3590% C1 jssc.SerialPort$EventThread.run()V (84 bytes) @ 0x032290c0 [0x03228e10+0x2b0]
v  ~StubRoutines::call_stub
V  [jvm.dll+0x15c315]
V  [jvm.dll+0x223ece]
V  [jvm.dll+0x15c3ae]
V  [jvm.dll+0x15c536]
V  [jvm.dll+0x15c5a7]
V  [jvm.dll+0x1002ef]
V  [jvm.dll+0x17f550]
V  [jvm.dll+0x17fdca]
V  [jvm.dll+0x1c57a6]
C  [msvcr100.dll+0x5c556]
C  [msvcr100.dll+0x5c600]
C  [KERNEL32.DLL+0x1fa29]
C  [ntdll.dll+0x67a7e]
C  [ntdll.dll+0x67a4e]
C  0x00000000

Java frames: (J=compiled Java code, j=interpreted, Vv=VM code)
J 3559  jssc.SerialNativeInterface.readBytes(JI)[B (0 bytes) @ 0x031e1c21 [0x031e1bd0+0x51]
J 3590% C1 jssc.SerialPort$EventThread.run()V (84 bytes) @ 0x032290c0 [0x03228e10+0x2b0]
v  ~StubRoutines::call_stub

---------------  P R O C E S S  ---------------

Java Threads: ( => current thread )
=>0x2a13c400 JavaThread "EventThread COM4" [_thread_in_vm, id=3144, stack(0x01200000,0x01250000)]
  0x2a13b800 JavaThread "JmDNS(192-168-193-1.local.).State.Timer" [_thread_blocked, id=8420, stack(0x276e0000,0x27730000)]
  0x2a13d800 JavaThread "JmDNS(192-168-193-1.local.).Timer" daemon [_thread_blocked, id=4748, stack(0x27650000,0x276a0000)]
  0x2a13d000 JavaThread "SocketListener(192-168-193-1.local.)" daemon [_thread_blocked, id=11556, stack(0x02e70000,0x02ec0000)]
  0x2a140800 JavaThread "JmDNS(192-168-17-1.local.).State.Timer" [_thread_blocked, id=8268, stack(0x275c0000,0x27610000)]
  0x2a13f800 JavaThread "JmDNS(192-168-17-1.local.).Timer" daemon [_thread_blocked, id=11960, stack(0x27530000,0x27580000)]
  0x2a13b000 JavaThread "SocketListener(192-168-17-1.local.)" daemon [_thread_in_native, id=9212, stack(0x274a0000,0x274f0000)]
  0x2a13ec00 JavaThread "DestroyJavaVM" [_thread_blocked, id=7528, stack(0x014a0000,0x014f0000)]
  0x2869b800 JavaThread "TimerQueue" daemon [_thread_blocked, id=4964, stack(0x2b420000,0x2b470000)]
  0x2869b400 JavaThread "AWT-EventQueue-0" [_thread_blocked, id=7728, stack(0x2ae80000,0x2aed0000)]
  0x2869cc00 JavaThread "AWT-Shutdown" [_thread_blocked, id=9120, stack(0x2adf0000,0x2ae40000)]
  0x2869d800 JavaThread "Batik CleanerThread" daemon [_thread_blocked, id=1980, stack(0x29b20000,0x29b70000)]
  0x28683400 JavaThread "JmDNS(DESKTOP-05JDR01.local.).State.Timer" [_thread_blocked, id=3576, stack(0x295f0000,0x29640000)]
  0x28616800 JavaThread "JmDNS(DESKTOP-05JDR01.local.).Timer" daemon [_thread_blocked, id=4628, stack(0x29560000,0x295b0000)]
  0x28614000 JavaThread "SocketListener(DESKTOP-05JDR01.local.)" daemon [_thread_in_native, id=1188, stack(0x294d0000,0x29520000)]
  0x285cec00 JavaThread "Multihomed mDNS.Timer" daemon [_thread_blocked, id=7732, stack(0x272d0000,0x27320000)]
  0x28576400 JavaThread "cc.arduino.packages.discoverers.serial.SerialDiscovery" [_thread_blocked, id=1544, stack(0x29140000,0x29190000)]
  0x26e72400 JavaThread "AWT-Windows" daemon [_thread_blocked, id=10656, stack(0x27360000,0x273b0000)]
  0x26e70c00 JavaThread "Java2D Disposer" daemon [_thread_blocked, id=12212, stack(0x27240000,0x27290000)]
  0x26688c00 JavaThread "Service Thread" daemon [_thread_blocked, id=972, stack(0x26ae0000,0x26b30000)]
  0x2666e000 JavaThread "C1 CompilerThread0" daemon [_thread_blocked, id=10480, stack(0x26a50000,0x26aa0000)]
  0x2666c000 JavaThread "Attach Listener" daemon [_thread_blocked, id=4248, stack(0x269c0000,0x26a10000)]
  0x2666a000 JavaThread "Signal Dispatcher" daemon [_thread_blocked, id=7192, stack(0x26930000,0x26980000)]
  0x2664c000 JavaThread "Finalizer" daemon [_thread_blocked, id=3404, stack(0x25a30000,0x25a80000)]
  0x26646000 JavaThread "Reference Handler" daemon [_thread_blocked, id=11144, stack(0x259a0000,0x259f0000)]

Other Threads:
  0x26630800 VMThread [stack: 0x25910000,0x25960000] [id=1684]
  0x26666800 WatcherThread [stack: 0x26b70000,0x26bc0000] [id=11236]

VM state:synchronizing (normal execution)

VM Mutex/Monitor currently owned by a thread:  ([mutex/lock_event])
[0x0135df38] Threads_lock - owner thread: 0x26630800
[0x0135e4e8] Heap_lock - owner thread: 0x2a13d000

Heap:
 def new generation   total 157248K, used 157247K [0x05400000, 0x0fea0000, 0x0fea0000)
  eden space 139776K,  99% used [0x05400000, 0x0dc7fff8, 0x0dc80000)
  from space 17472K,  99% used [0x0ed90000, 0x0fe9fff8, 0x0fea0000)
  to   space 17472K,   0% used [0x0dc80000, 0x0dc80000, 0x0ed90000)
 tenured generation   total 349568K, used 349568K [0x0fea0000, 0x25400000, 0x25400000)
   the space 349568K, 100% used [0x0fea0000, 0x25400000, 0x25400000, 0x25400000)
 Metaspace       used 25666K, capacity 26185K, committed 26368K, reserved 27008K

Card table byte_map: [0x05280000,0x05390000] byte_map_base: 0x05256000

Polling page: 0x01340000

CodeCache: size=32768Kb used=4083Kb max_used=5376Kb free=28684Kb
 bounds [0x030c0000, 0x03608000, 0x050c0000]
 total_blobs=2508 nmethods=2211 adapters=226
 compilation: enabled

Compilation events (10 events):
Event: 279.061 Thread 0x2666e000 3598             java.util.concurrent.DelayQueue::add (6 bytes)
Event: 279.061 Thread 0x2666e000 nmethod 3598 0x031e15c8 code [0x031e16c0, 0x031e174c]
Event: 279.062 Thread 0x2666e000 3599   !         java.util.concurrent.DelayQueue::offer (60 bytes)
Event: 279.063 Thread 0x2666e000 nmethod 3599 0x0333b408 code [0x0333b580, 0x0333b824]
Event: 291.857 Thread 0x2666e000 3600 %           java.lang.ref.Reference$ReferenceHandler::run @ 0 (8 bytes)
Event: 291.858 Thread 0x2666e000 nmethod 3600% 0x032ca408 code [0x032ca510, 0x032ca5bc]
Event: 299.479 Thread 0x2666e000 3601  s          java.io.ByteArrayInputStream::read (36 bytes)
Event: 299.479 Thread 0x2666e000 nmethod 3601 0x032cbc88 code [0x032cbd80, 0x032cbf80]
Event: 313.377 Thread 0x2666e000 3602   !         javax.jmdns.impl.NetworkTopologyDiscoveryImpl::getInetAddresses (147 bytes)
Event: 313.378 Thread 0x2666e000 nmethod 3602 0x031e3348 code [0x031e3560, 0x031e3c4c]

GC Heap History (10 events):
Event: 314.828 GC heap before
{Heap before GC invocations=578 (full 50):
 def new generation   total 157248K, used 157247K [0x05400000, 0x0fea0000, 0x0fea0000)
  eden space 139776K, 100% used [0x05400000, 0x0dc80000, 0x0dc80000)
  from space 17472K,  99% used [0x0ed90000, 0x0fe9fcf8, 0x0fea0000)
  to   space 17472K,   0% used [0x0dc80000, 0x0dc80000, 0x0ed90000)
 tenured generation   total 349568K, used 349567K [0x0fea0000, 0x25400000, 0x25400000)
   the space 349568K,  99% used [0x0fea0000, 0x253fffe8, 0x25400000, 0x25400000)
 Metaspace       used 25666K, capacity 26185K, committed 26368K, reserved 27008K
Event: 315.294 GC heap after
Heap after GC invocations=579 (full 51):
 def new generation   total 157248K, used 157231K [0x05400000, 0x0fea0000, 0x0fea0000)
  eden space 139776K, 100% used [0x05400000, 0x0dc80000, 0x0dc80000)
  from space 17472K,  99% used [0x0ed90000, 0x0fe9be48, 0x0fea0000)
  to   space 17472K,   0% used [0x0dc80000, 0x0dc80000, 0x0ed90000)
 tenured generation   total 349568K, used 349567K [0x0fea0000, 0x25400000, 0x25400000)
   the space 349568K,  99% used [0x0fea0000, 0x253fffe8, 0x25400000, 0x25400000)
 Metaspace       used 25666K, capacity 26185K, committed 26368K, reserved 27008K
}
Event: 315.295 GC heap before
{Heap before GC invocations=579 (full 51):
 def new generation   total 157248K, used 157247K [0x05400000, 0x0fea0000, 0x0fea0000)
  eden space 139776K, 100% used [0x05400000, 0x0dc80000, 0x0dc80000)
  from space 17472K,  99% used [0x0ed90000, 0x0fe9ff88, 0x0fea0000)
  to   space 17472K,   0% used [0x0dc80000, 0x0dc80000, 0x0ed90000)
 tenured generation   total 349568K, used 349567K [0x0fea0000, 0x25400000, 0x25400000)
   the space 349568K,  99% used [0x0fea0000, 0x253fffe8, 0x25400000, 0x25400000)
 Metaspace       used 25666K, capacity 26185K, committed 26368K, reserved 27008K
Event: 315.891 GC heap after
Heap after GC invocations=580 (full 52):
 def new generation   total 157248K, used 157240K [0x05400000, 0x0fea0000, 0x0fea0000)
  eden space 139776K,  99% used [0x05400000, 0x0dc7ffc8, 0x0dc80000)
  from space 17472K,  99% used [0x0ed90000, 0x0fe9e190, 0x0fea0000)
  to   space 17472K,   0% used [0x0dc80000, 0x0dc80000, 0x0ed90000)
 tenured generation   total 349568K, used 349567K [0x0fea0000, 0x25400000, 0x25400000)
   the space 349568K,  99% used [0x0fea0000, 0x253fffc8, 0x25400000, 0x25400000)
 Metaspace       used 25666K, capacity 26185K, committed 26368K, reserved 27008K
}
Event: 315.891 GC heap before
{Heap before GC invocations=580 (full 52):
 def new generation   total 157248K, used 157247K [0x05400000, 0x0fea0000, 0x0fea0000)
  eden space 139776K,  99% used [0x05400000, 0x0dc7fff8, 0x0dc80000)
  from space 17472K,  99% used [0x0ed90000, 0x0fe9fe68, 0x0fea0000)
  to   space 17472K,   0% used [0x0dc80000, 0x0dc80000, 0x0ed90000)
 tenured generation   total 349568K, used 349567K [0x0fea0000, 0x25400000, 0x25400000)
   the space 349568K,  99% used [0x0fea0000, 0x253fffc8, 0x25400000, 0x25400000)
 Metaspace       used 25666K, capacity 26185K, committed 26368K, reserved 27008K
Event: 316.345 GC heap after
Heap after GC invocations=581 (full 53):
 def new generation   total 157248K, used 157234K [0x05400000, 0x0fea0000, 0x0fea0000)
  eden space 139776K,  99% used [0x05400000, 0x0dc7fff8, 0x0dc80000)
  from space 17472K,  99% used [0x0ed90000, 0x0fe9cab8, 0x0fea0000)
  to   space 17472K,   0% used [0x0dc80000, 0x0dc80000, 0x0ed90000)
 tenured generation   total 349568K, used 349567K [0x0fea0000, 0x25400000, 0x25400000)
   the space 349568K,  99% used [0x0fea0000, 0x253fffc8, 0x25400000, 0x25400000)
 Metaspace       used 25666K, capacity 26185K, committed 26368K, reserved 27008K
}
Event: 316.345 GC heap before
{Heap before GC invocations=581 (full 53):
 def new generation   total 157248K, used 157240K [0x05400000, 0x0fea0000, 0x0fea0000)
  eden space 139776K,  99% used [0x05400000, 0x0dc7fff8, 0x0dc80000)
  from space 17472K,  99% used [0x0ed90000, 0x0fe9e2a0, 0x0fea0000)
  to   space 17472K,   0% used [0x0dc80000, 0x0dc80000, 0x0ed90000)
 tenured generation   total 349568K, used 349567K [0x0fea0000, 0x25400000, 0x25400000)
   the space 349568K,  99% used [0x0fea0000, 0x253fffc8, 0x25400000, 0x25400000)
 Metaspace       used 25666K, capacity 26185K, committed 26368K, reserved 27008K
Event: 316.799 GC heap after
Heap after GC invocations=582 (full 54):
 def new generation   total 157248K, used 157240K [0x05400000, 0x0fea0000, 0x0fea0000)
  eden space 139776K,  99% used [0x05400000, 0x0dc7fff8, 0x0dc80000)
  from space 17472K,  99% used [0x0ed90000, 0x0fe9e288, 0x0fea0000)
  to   space 17472K,   0% used [0x0dc80000, 0x0dc80000, 0x0ed90000)
 tenured generation   total 349568K, used 349567K [0x0fea0000, 0x25400000, 0x25400000)
   the space 349568K,  99% used [0x0fea0000, 0x253fffc8, 0x25400000, 0x25400000)
 Metaspace       used 25666K, capacity 26185K, committed 26368K, reserved 27008K
}
Event: 316.799 GC heap before
{Heap before GC invocations=582 (full 54):
 def new generation   total 157248K, used 157240K [0x05400000, 0x0fea0000, 0x0fea0000)
  eden space 139776K,  99% used [0x05400000, 0x0dc7fff8, 0x0dc80000)
  from space 17472K,  99% used [0x0ed90000, 0x0fe9e288, 0x0fea0000)
  to   space 17472K,   0% used [0x0dc80000, 0x0dc80000, 0x0ed90000)
 tenured generation   total 349568K, used 349567K [0x0fea0000, 0x25400000, 0x25400000)
   the space 349568K,  99% used [0x0fea0000, 0x253fffc8, 0x25400000, 0x25400000)
 Metaspace       used 25666K, capacity 26185K, committed 26368K, reserved 27008K
Event: 317.263 GC heap after
Heap after GC invocations=583 (full 55):
 def new generation   total 157248K, used 157240K [0x05400000, 0x0fea0000, 0x0fea0000)
  eden space 139776K,  99% used [0x05400000, 0x0dc7fff8, 0x0dc80000)
  from space 17472K,  99% used [0x0ed90000, 0x0fe9e288, 0x0fea0000)
  to   space 17472K,   0% used [0x0dc80000, 0x0dc80000, 0x0ed90000)
 tenured generation   total 349568K, used 349567K [0x0fea0000, 0x25400000, 0x25400000)
   the space 349568K,  99% used [0x0fea0000, 0x253fffc8, 0x25400000, 0x25400000)
 Metaspace       used 25666K, capacity 26185K, committed 26368K, reserved 27008K
}

Deoptimization events (0 events):
No events

Classes redefined (0 events):
No events

Internal exceptions (10 events):
Event: 233.979 Thread 0x2a13c400 Exception <a 'sun/nio/fs/WindowsException'> (0x06eea9e8) thrown at [C:\workspace\8-2-build-windows-i586-cygwin\jdk8u191\11896\hotspot\src\share\vm\prims\jni.cpp, line 709]
Event: 233.981 Thread 0x2a13c400 Exception <a 'sun/nio/fs/WindowsException'> (0x06ef5478) thrown at [C:\workspace\8-2-build-windows-i586-cygwin\jdk8u191\11896\hotspot\src\share\vm\prims\jni.cpp, line 709]
Event: 233.981 Thread 0x2a13c400 Exception <a 'sun/nio/fs/WindowsException'> (0x06ef5a08) thrown at [C:\workspace\8-2-build-windows-i586-cygwin\jdk8u191\11896\hotspot\src\share\vm\prims\jni.cpp, line 709]
Event: 233.985 Thread 0x2a13c400 Exception <a 'sun/nio/fs/WindowsException'> (0x06f03f00) thrown at [C:\workspace\8-2-build-windows-i586-cygwin\jdk8u191\11896\hotspot\src\share\vm\prims\jni.cpp, line 709]
Event: 233.985 Thread 0x2a13c400 Exception <a 'sun/nio/fs/WindowsException'> (0x06f044a8) thrown at [C:\workspace\8-2-build-windows-i586-cygwin\jdk8u191\11896\hotspot\src\share\vm\prims\jni.cpp, line 709]
Event: 233.987 Thread 0x2a13c400 Exception <a 'sun/nio/fs/WindowsException'> (0x06f0f1d0) thrown at [C:\workspace\8-2-build-windows-i586-cygwin\jdk8u191\11896\hotspot\src\share\vm\prims\jni.cpp, line 709]
Event: 233.987 Thread 0x2a13c400 Exception <a 'sun/nio/fs/WindowsException'> (0x06f0f750) thrown at [C:\workspace\8-2-build-windows-i586-cygwin\jdk8u191\11896\hotspot\src\share\vm\prims\jni.cpp, line 709]
Event: 233.989 Thread 0x2a13c400 Exception <a 'sun/nio/fs/WindowsException'> (0x06f1ddb8) thrown at [C:\workspace\8-2-build-windows-i586-cygwin\jdk8u191\11896\hotspot\src\share\vm\prims\jni.cpp, line 709]
Event: 233.989 Thread 0x2a13c400 Exception <a 'sun/nio/fs/WindowsException'> (0x06f1e348) thrown at [C:\workspace\8-2-build-windows-i586-cygwin\jdk8u191\11896\hotspot\src\share\vm\prims\jni.cpp, line 709]
Event: 317.263 Thread 0x2a13c400 Exception <a 'java/lang/OutOfMemoryError'> (0x0ff309b0) thrown at [C:\workspace\8-2-build-windows-i586-cygwin\jdk8u191\11896\hotspot\src\share\vm\gc_interface/collectedHeap.inline.hpp, line 159]

Events (10 events):
Event: 314.828 Executing VM operation: GenCollectForAllocation done
Event: 314.828 Executing VM operation: GenCollectForAllocation
Event: 315.294 Executing VM operation: GenCollectForAllocation done
Event: 315.295 Executing VM operation: GenCollectForAllocation
Event: 315.891 Executing VM operation: GenCollectForAllocation done
Event: 315.891 Executing VM operation: GenCollectForAllocation
Event: 316.345 Executing VM operation: GenCollectForAllocation done
Event: 316.345 Executing VM operation: GenCollectForAllocation
Event: 317.263 Executing VM operation: GenCollectForAllocation done
Event: 317.263 Executing VM operation: GenCollectForAllocation


Dynamic libraries:
0x00660000 - 0x00693000 	C:\Program Files (x86)\Arduino\java\bin\javaw.exe
0x77390000 - 0x77533000 	C:\WINDOWS\SYSTEM32\ntdll.dll
0x75580000 - 0x75670000 	C:\WINDOWS\System32\KERNEL32.DLL
0x75a40000 - 0x75c54000 	C:\WINDOWS\System32\KERNELBASE.dll
0x766d0000 - 0x7674b000 	C:\WINDOWS\System32\ADVAPI32.dll
0x76c80000 - 0x76d3f000 	C:\WINDOWS\System32\msvcrt.dll
0x76750000 - 0x767c6000 	C:\WINDOWS\System32\sechost.dll
0x758a0000 - 0x7595e000 	C:\WINDOWS\System32\RPCRT4.dll
0x75280000 - 0x7541c000 	C:\WINDOWS\System32\USER32.dll
0x76df0000 - 0x76e08000 	C:\WINDOWS\System32\win32u.dll
0x75540000 - 0x75564000 	C:\WINDOWS\System32\GDI32.dll
0x767d0000 - 0x768ac000 	C:\WINDOWS\System32\gdi32full.dll
0x75670000 - 0x756eb000 	C:\WINDOWS\System32\msvcp_win.dll
0x75420000 - 0x75540000 	C:\WINDOWS\System32\ucrtbase.dll
0x6e5a0000 - 0x6e7b0000 	C:\WINDOWS\WinSxS\x86_microsoft.windows.common-controls_6595b64144ccf1df_6.0.19041.1110_none_a8625c1886757984\COMCTL32.dll
0x76970000 - 0x76995000 	C:\WINDOWS\System32\IMM32.DLL
0x60e10000 - 0x60ecf000 	C:\Program Files (x86)\Arduino\java\bin\msvcr100.dll
0x60a30000 - 0x60e03000 	C:\Program Files (x86)\Arduino\java\bin\client\jvm.dll
0x75d60000 - 0x75d66000 	C:\WINDOWS\System32\PSAPI.DLL
0x71720000 - 0x71728000 	C:\WINDOWS\SYSTEM32\WSOCK32.dll
0x75230000 - 0x75258000 	C:\WINDOWS\SYSTEM32\WINMM.dll
0x73750000 - 0x73758000 	C:\WINDOWS\SYSTEM32\VERSION.dll
0x768b0000 - 0x76913000 	C:\WINDOWS\System32\WS2_32.dll
0x61110000 - 0x61140000 	C:\Program Files (x86)\Arduino\java\bin\splashscreen.dll
0x73870000 - 0x738e4000 	C:\WINDOWS\system32\uxtheme.dll
0x76a00000 - 0x76c80000 	C:\WINDOWS\System32\combase.dll
0x60a20000 - 0x60a2c000 	C:\Program Files (x86)\Arduino\java\bin\verify.dll
0x609f0000 - 0x60a12000 	C:\Program Files (x86)\Arduino\java\bin\java.dll
0x75960000 - 0x75a34000 	C:\WINDOWS\System32\MSCTF.dll
0x76330000 - 0x763c6000 	C:\WINDOWS\System32\OLEAUT32.dll
0x609d0000 - 0x609e4000 	C:\Program Files (x86)\Arduino\java\bin\zip.dll
0x724f0000 - 0x724ff000 	C:\WINDOWS\SYSTEM32\kernel.appcore.dll
0x76570000 - 0x765cf000 	C:\WINDOWS\System32\bcryptPrimitives.dll
0x6e830000 - 0x6e8e9000 	C:\WINDOWS\SYSTEM32\textinputframework.dll
0x6dd00000 - 0x6dd9b000 	C:\WINDOWS\System32\CoreMessaging.dll
0x6d270000 - 0x6d4ee000 	C:\WINDOWS\System32\CoreUIComponents.dll
0x76d40000 - 0x76dc7000 	C:\WINDOWS\System32\SHCORE.dll
0x74e60000 - 0x74e89000 	C:\WINDOWS\SYSTEM32\ntmarta.dll
0x6d190000 - 0x6d26b000 	C:\WINDOWS\SYSTEM32\wintypes.dll
0x75d70000 - 0x76325000 	C:\WINDOWS\System32\SHELL32.dll
0x74640000 - 0x74c4c000 	C:\WINDOWS\SYSTEM32\windows.storage.dll
0x73680000 - 0x736a4000 	C:\WINDOWS\SYSTEM32\Wldp.dll
0x76920000 - 0x76965000 	C:\WINDOWS\System32\shlwapi.dll
0x71700000 - 0x71718000 	C:\WINDOWS\SYSTEM32\profapi.dll
0x61940000 - 0x619b3000 	C:\Program Files (x86)\Arduino\lib\listSerialsj.dll
0x76ec0000 - 0x772fa000 	C:\WINDOWS\System32\SETUPAPI.dll
0x756f0000 - 0x7572b000 	C:\WINDOWS\System32\cfgmgr32.dll
0x76dd0000 - 0x76de9000 	C:\WINDOWS\System32\bcrypt.dll
0x609b0000 - 0x609cd000 	C:\Program Files (x86)\Arduino\lib\jnidispatch-4.2.2-win32-x86.dll
0x76430000 - 0x76513000 	C:\WINDOWS\System32\Ole32.dll
0x60990000 - 0x609a5000 	C:\Program Files (x86)\Arduino\java\bin\net.dll
0x71930000 - 0x71982000 	C:\WINDOWS\system32\mswsock.dll
0x60980000 - 0x6098f000 	C:\Program Files (x86)\Arduino\java\bin\nio.dll
0x60830000 - 0x60977000 	C:\Program Files (x86)\Arduino\java\bin\awt.dll
0x61070000 - 0x6110f000 	C:\WINDOWS\SYSTEM32\apphelp.dll
0x719e0000 - 0x71a06000 	C:\WINDOWS\system32\DWMAPI.DLL
0x607f0000 - 0x60829000 	C:\Program Files (x86)\Arduino\java\bin\fontmanager.dll
0x628c0000 - 0x629c4000 	C:\WINDOWS\system32\opengl32.dll
0x62440000 - 0x6247f000 	C:\WINDOWS\SYSTEM32\GLU32.dll
0x607b0000 - 0x607e2000 	C:\Program Files (x86)\Arduino\java\bin\t2k.dll
0x607a0000 - 0x607aa000 	C:\Program Files (x86)\Arduino\java\bin\management.dll
0x62d20000 - 0x62d31000 	C:\WINDOWS\system32\napinsp.dll
0x62d00000 - 0x62d16000 	C:\WINDOWS\system32\pnrpnsp.dll
0x6edd0000 - 0x6ede0000 	C:\WINDOWS\system32\wshbth.dll
0x6edf0000 - 0x6ee06000 	C:\WINDOWS\system32\NLAapi.dll
0x751f0000 - 0x75222000 	C:\WINDOWS\SYSTEM32\IPHLPAPI.DLL
0x74c50000 - 0x74ce0000 	C:\WINDOWS\SYSTEM32\DNSAPI.dll
0x75570000 - 0x75577000 	C:\WINDOWS\System32\NSI.dll
0x62cf0000 - 0x62cfe000 	C:\WINDOWS\System32\winrnr.dll
0x6f590000 - 0x6f5b1000 	C:\Program Files (x86)\Bonjour\mdnsNSP.dll
0x6f600000 - 0x6f658000 	C:\WINDOWS\System32\fwpuclnt.dll
0x700b0000 - 0x700b8000 	C:\Windows\System32\rasadhlp.dll
0x71990000 - 0x719a4000 	C:\WINDOWS\SYSTEM32\dhcpcsvc6.DLL
0x74220000 - 0x74236000 	C:\WINDOWS\SYSTEM32\dhcpcsvc.DLL
0x70200000 - 0x70213000 	C:\WINDOWS\SYSTEM32\CRYPTSP.dll
0x701d0000 - 0x701ff000 	C:\WINDOWS\system32\rsaenh.dll
0x73db0000 - 0x73dd5000 	C:\WINDOWS\SYSTEM32\USERENV.dll
0x74240000 - 0x7424a000 	C:\WINDOWS\SYSTEM32\CRYPTBASE.dll
0x719b0000 - 0x719d9000 	C:\WINDOWS\SYSTEM32\DEVOBJ.dll
0x76520000 - 0x7656d000 	C:\WINDOWS\System32\WINTRUST.dll
0x765d0000 - 0x766ca000 	C:\WINDOWS\System32\CRYPT32.dll
0x71f20000 - 0x71f2e000 	C:\WINDOWS\SYSTEM32\MSASN1.dll
0x60780000 - 0x607a0000 	C:\Program Files (x86)\Arduino\java\bin\sunec.dll
0x60770000 - 0x60779000 	C:\Program Files (x86)\Arduino\java\bin\sunmscapi.dll
0x60700000 - 0x60769000 	C:\Program Files (x86)\Arduino\msvcp100.dll
0x60640000 - 0x606fe000 	C:\Program Files (x86)\Arduino\msvcr100.dll
0x29860000 - 0x29892000 	C:\Program Files (x86)\Arduino\lib\AStylej.dll
0x60610000 - 0x60634000 	C:\Program Files (x86)\Arduino\java\bin\dcpr.dll
0x77300000 - 0x7737e000 	C:\WINDOWS\System32\clbcatq.dll
0x6d830000 - 0x6d9a1000 	C:\WINDOWS\SYSTEM32\WindowsCodecs.dll
0x6cdb0000 - 0x6cde1000 	C:\WINDOWS\system32\dataexchange.dll
0x6cc40000 - 0x6cda4000 	C:\WINDOWS\system32\dcomp.dll
0x6dda0000 - 0x6df80000 	C:\WINDOWS\system32\d3d11.dll
0x6eef0000 - 0x6efb2000 	C:\WINDOWS\system32\dxgi.dll
0x6d4f0000 - 0x6d67f000 	C:\WINDOWS\system32\twinapi.appcore.dll
0x64000000 - 0x6401b000 	C:\Program Files (x86)\Arduino\lib\jSSC-2.8_x86.dll
0x6eff0000 - 0x6f178000 	C:\WINDOWS\SYSTEM32\dbghelp.dll

VM Arguments:
jvm_args: -Dsun.java2d.d3d=false -Djna.nosys=true -Djna.nounpack=true -Djna.boot.library.name=jnidispatch-4.2.2-win32-x86 -Djna.boot.library.path=C:\Program Files (x86)\Arduino/lib -Djssc.library.path=C:\Program Files (x86)\Arduino/lib -DAPP_DIR=C:\Program Files (x86)\Arduino -Xms128M -Xmx512M -Dfile.encoding=UTF8 -Djava.net.preferIPv4Stack=true 
java_command: processing.app.Base F:\0000LearnSchool\000thuctapCN2\Code_ESP_VongQuay\Code_ESP_VongQuay.ino
java_class_path (initial): C:\Program Files (x86)\Arduino\lib\apple.jar;C:\Program Files (x86)\Arduino\lib\arduino-core.jar;C:\Program Files (x86)\Arduino\lib\batik-1.8.jar;C:\Program Files (x86)\Arduino\lib\batik-anim-1.8.jar;C:\Program Files (x86)\Arduino\lib\batik-awt-util-1.8.jar;C:\Program Files (x86)\Arduino\lib\batik-bridge-1.8.jar;C:\Program Files (x86)\Arduino\lib\batik-codec-1.8.jar;C:\Program Files (x86)\Arduino\lib\batik-css-1.8.jar;C:\Program Files (x86)\Arduino\lib\batik-dom-1.8.jar;C:\Program Files (x86)\Arduino\lib\batik-ext-1.8.jar;C:\Program Files (x86)\Arduino\lib\batik-gvt-1.8.jar;C:\Program Files (x86)\Arduino\lib\batik-parser-1.8.jar;C:\Program Files (x86)\Arduino\lib\batik-rasterizer-1.8.jar;C:\Program Files (x86)\Arduino\lib\batik-script-1.8.jar;C:\Program Files (x86)\Arduino\lib\batik-squiggle-1.8.jar;C:\Program Files (x86)\Arduino\lib\batik-svg-dom-1.8.jar;C:\Program Files (x86)\Arduino\lib\batik-svgpp-1.8.jar;C:\Program Files (x86)\Arduino\lib\batik-transcoder-1.8.jar;C:\Program Files (x86)\Arduino\lib\batik-util-1.8.jar;C:\Program Files (x86)\Arduino\lib\batik-xml-1.8.jar;C:\Program Files (x86)\Arduino\lib\bcpg-jdk15on-152.jar;C:\Program Files (x86)\Arduino\lib\bcprov-jdk15on-152.jar;C:\Program Files (x86)\Arduino\lib\commons-codec-1.7.jar;C:\Program Files (x86)\Arduino\lib\commons-compress-1.8.jar;C:\Program Files (x86)\Arduino\lib\commons-exec-1.1.jar;C:\Program Files (x86)\Arduino\lib\commons-httpclient-3.1.jar;C:\Program Files (x86)\Arduino\lib\commons-lang3-3.8.1.jar;C:\Program Files (x86)\Arduino\lib\commons-logging-1.0.4.jar;C:\Program Files (x86)\Arduino\lib\commons-net-3.3.jar;C:\Program Files (x86)\Arduino\lib\commons-io-2.6.jar;C:\Program Files (x86)\Arduino\lib\jackson-annotations-2.9.5.jar;C:\Program Files (x86)\Arduino\lib\jackson-core-2.9.5.jar;C:\Program Files (x86)\Arduino\lib\jackson-databind-2.9.5.jar;C:\Program Files (x86)\Arduino\lib\java-semver-0.8.0.jar;C:\Program Files (x86)\Arduino\lib\jmdns-3.5.5.jar;C:\Program
Launcher Type: SUN_STANDARD

Environment Variables:
JAVA_HOME=C:\Program Files\Java\jdk-17
PATH=E:\0000Linux\TaiLieu\Máy ?o VMware\bin\;C:\Program Files (x86)\NVIDIA Corporation\PhysX\Common;C:\Program Files\Common Files\Oracle\Java\javapath;C:\Program Files (x86)\Common Files\Oracle\Java\javapath;C:\Python310\Scripts\;C:\Python310\;C:\WINDOWS\system32;C:\WINDOWS;C:\WINDOWS\System32\Wbem;C:\WINDOWS\System32\WindowsPowerShell\v1.0\;C:\WINDOWS\System32\OpenSSH\;C:\Program Files (x86)\STMicroelectronics\STM32 ST-LINK Utility\ST-LINK Utility;C:\ProgramData\chocolatey\bin;C:\Program Files (x86)\Windows Kits\8.1\Windows Performance Toolkit\;C:\Program Files\OpenJDK\openjdk-8u312-b07\bin;C:\Program Files\nodejs\;C:\Program Files\Git\cmd;C:\Users\ADMIN\AppData\Local\Programs\Python\Python310-32\Scripts\;C:\Users\ADMIN\AppData\Local\Programs\Python\Python310-32\;C:\Users\ADMIN\AppData\Local\Microsoft\WindowsApps;C:\Users\ADMIN\AppData\Local\Programs\Microsoft VS Code\bin;C:\Program Files\MongoDB\Server\3.6\bin;E:\CaiDat\PyCharm Community Edition 2021.2.2\bin;;C:\Users\ADMIN\AppData\Local\Android\Sdk\platform-tools;C:\Users\ADMIN\AppData\Roaming\npm;;C:\Program Files (x86)\Arduino\java\bin
USERNAME=ADMIN
OS=Windows_NT
PROCESSOR_IDENTIFIER=Intel64 Family 6 Model 78 Stepping 3, GenuineIntel



---------------  S Y S T E M  ---------------

OS: Windows 10.0 , 64 bit Build 19041 (10.0.19041.1566)

CPU:total 4 (initial active 4) (2 cores per cpu, 2 threads per core) family 6 model 78 stepping 3, cmov, cx8, fxsr, mmx, sse, sse2, sse3, ssse3, sse4.1, sse4.2, popcnt, avx, avx2, aes, clmul, erms, 3dnowpref, lzcnt, ht, tsc, tscinvbit, bmi1, bmi2, adx

Memory: 4k page, physical 8080816k(3247516k free), swap 16207280k(10717352k free)

vm_info: Java HotSpot(TM) Client VM (25.191-b12) for windows-x86 JRE (1.8.0_191-b12), built on Oct  6 2018 08:34:23 by "java_re" with MS VC++ 10.0 (VS2010)

time: Wed Mar 16 03:32:06 2022
elapsed time: 317 seconds (0d 0h 5m 17s)

